[debug] [2026-02-09T04:28:40.958Z] ----------------------------------------------------------------------
[debug] [2026-02-09T04:28:40.965Z] Command:       C:\Program Files\nodejs\node.exe C:\Users\isuru\AppData\Roaming\npm\node_modules\firebase-tools\lib\bin\firebase.js init
[debug] [2026-02-09T04:28:40.965Z] CLI Version:   15.3.1
[debug] [2026-02-09T04:28:40.965Z] Platform:      win32
[debug] [2026-02-09T04:28:40.966Z] Node Version:  v20.9.0
[debug] [2026-02-09T04:28:40.966Z] Time:          Mon Feb 09 2026 09:58:40 GMT+0530 (India Standard Time)
[debug] [2026-02-09T04:28:40.966Z] ----------------------------------------------------------------------
[debug] 
[info] 
     ######## #### ########  ######## ########     ###     ######  ########
     ##        ##  ##     ## ##       ##     ##  ##   ##  ##       ##
     ######    ##  ########  ######   ########  #########  ######  ######
     ##        ##  ##    ##  ##       ##     ## ##     ##       ## ##
     ##       #### ##     ## ######## ########  ##     ##  ######  ########

You're about to initialize a Firebase project in this directory:

  D:\SDGP Frontend\WashXpress

Before we get started, keep in mind:

  * You are initializing within an existing Firebase project directory

[debug] [2026-02-09T04:28:57.589Z] ExitPromptError: User force closed the prompt with SIGINT
    at Interface.sigint (C:\Users\isuru\AppData\Roaming\npm\node_modules\firebase-tools\node_modules\@inquirer\core\dist\commonjs\lib\create-prompt.js:101:37)
    at Interface.emit (node:events:514:28)
    at [_ttyWrite] [as _ttyWrite] (node:internal/readline/interface:1125:18)
    at ReadStream.onkeypress (node:internal/readline/interface:264:20)
    at ReadStream.emit (node:events:526:35)
    at emitKeys (node:internal/readline/utils:371:14)
    at emitKeys.next (<anonymous>)
    at ReadStream.onData (node:internal/readline/emitKeypressEvents:64:36)
    at ReadStream.emit (node:events:514:28)
    at addChunk (node:internal/streams/readable:376:12)
[error] 
[error] Error: An unexpected error has occurred.
